{"total": {"lines":{"total":369,"covered":252,"skipped":0,"pct":68.29},"statements":{"total":375,"covered":256,"skipped":0,"pct":68.26},"functions":{"total":43,"covered":23,"skipped":0,"pct":53.48},"branches":{"total":148,"covered":111,"skipped":0,"pct":75},"branchesTrue":{"total":0,"covered":0,"skipped":0,"pct":"Unknown"}}
,"/workspaces/TrancheMaster/js/impotCalculator.js": {"lines":{"total":63,"covered":56,"skipped":0,"pct":88.88},"functions":{"total":6,"covered":6,"skipped":0,"pct":100},"statements":{"total":63,"covered":56,"skipped":0,"pct":88.88},"branches":{"total":62,"covered":48,"skipped":0,"pct":77.41}}
,"/workspaces/TrancheMaster/js/revenuCalculator.js": {"lines":{"total":36,"covered":36,"skipped":0,"pct":100},"functions":{"total":5,"covered":5,"skipped":0,"pct":100},"statements":{"total":37,"covered":37,"skipped":0,"pct":100},"branches":{"total":26,"covered":22,"skipped":0,"pct":84.61}}
,"/workspaces/TrancheMaster/js/script.js": {"lines":{"total":174,"covered":88,"skipped":0,"pct":50.57},"functions":{"total":22,"covered":6,"skipped":0,"pct":27.27},"statements":{"total":174,"covered":88,"skipped":0,"pct":50.57},"branches":{"total":8,"covered":6,"skipped":0,"pct":75}}
,"/workspaces/TrancheMaster/js/taxCalculator.js": {"lines":{"total":96,"covered":72,"skipped":0,"pct":75},"functions":{"total":10,"covered":6,"skipped":0,"pct":60},"statements":{"total":101,"covered":75,"skipped":0,"pct":74.25},"branches":{"total":52,"covered":35,"skipped":0,"pct":67.3}}
}
