{"total": {"lines":{"total":373,"covered":257,"skipped":0,"pct":68.9},"statements":{"total":379,"covered":261,"skipped":0,"pct":68.86},"functions":{"total":44,"covered":25,"skipped":0,"pct":56.81},"branches":{"total":150,"covered":113,"skipped":0,"pct":75.33},"branchesTrue":{"total":0,"covered":0,"skipped":0,"pct":"Unknown"}}
,"/workspaces/TrancheMaster/js/impotCalculator.js": {"lines":{"total":63,"covered":56,"skipped":0,"pct":88.88},"functions":{"total":6,"covered":6,"skipped":0,"pct":100},"statements":{"total":63,"covered":56,"skipped":0,"pct":88.88},"branches":{"total":62,"covered":48,"skipped":0,"pct":77.41}}
,"/workspaces/TrancheMaster/js/revenuCalculator.js": {"lines":{"total":36,"covered":36,"skipped":0,"pct":100},"functions":{"total":5,"covered":5,"skipped":0,"pct":100},"statements":{"total":37,"covered":37,"skipped":0,"pct":100},"branches":{"total":26,"covered":22,"skipped":0,"pct":84.61}}
,"/workspaces/TrancheMaster/js/script.js": {"lines":{"total":174,"covered":88,"skipped":0,"pct":50.57},"functions":{"total":22,"covered":6,"skipped":0,"pct":27.27},"statements":{"total":174,"covered":88,"skipped":0,"pct":50.57},"branches":{"total":8,"covered":6,"skipped":0,"pct":75}}
,"/workspaces/TrancheMaster/js/taxCalculator.js": {"lines":{"total":100,"covered":77,"skipped":0,"pct":77},"functions":{"total":11,"covered":8,"skipped":0,"pct":72.72},"statements":{"total":105,"covered":80,"skipped":0,"pct":76.19},"branches":{"total":54,"covered":37,"skipped":0,"pct":68.51}}
}
